# JRE version: OpenJDK Runtime Environment (8.0_202-b03) (build 1.8.0_202-release-1483-b03)
# Java VM: OpenJDK 64-Bit Server VM (25.202-b03 mixed mode windows-amd64 compressed oops)
Heap:
 PSYoungGen      total 268288K, used 110527K [0x00000000e0000000, 0x00000000f8e00000, 0x0000000100000000)
  eden space 244224K, 45% used [0x00000000e0000000,0x00000000e6befed0,0x00000000eee80000)
  from space 24064K, 0% used [0x00000000eee80000,0x00000000eee80000,0x00000000f0600000)
  to   space 25600K, 0% used [0x00000000f7500000,0x00000000f7500000,0x00000000f8e00000)
 ParOldGen       total 150016K, used 34444K [0x00000000a0000000, 0x00000000a9280000, 0x00000000e0000000)
  object space 150016K, 22% used [0x00000000a0000000,0x00000000a21a3288,0x00000000a9280000)
 Metaspace       used 60301K, capacity 62694K, committed 62936K, reserved 1103872K
  class space    used 8196K, capacity 8867K, committed 8960K, reserved 1048576K
GC Heap History (10 events):
Event: 5.179 GC heap before
{Heap before GC invocations=8 (full 2):
 PSYoungGen      total 169984K, used 9164K [0x00000000e0000000, 0x00000000eef80000, 0x0000000100000000)
  eden space 156160K, 0% used [0x00000000e0000000,0x00000000e0000000,0x00000000e9880000)
  from space 13824K, 66% used [0x00000000ea580000,0x00000000eae731c0,0x00000000eb300000)
  to   space 13312K, 0% used [0x00000000e9880000,0x00000000e9880000,0x00000000ea580000)
 ParOldGen       total 106496K, used 11402K [0x00000000a0000000, 0x00000000a6800000, 0x00000000e0000000)
  object space 106496K, 10% used [0x00000000a0000000,0x00000000a0b22918,0x00000000a6800000)
 Metaspace       used 34735K, capacity 35296K, committed 35416K, reserved 1079296K
  class space    used 4762K, capacity 4973K, committed 4992K, reserved 1048576K
Event: 5.221 GC heap after
Heap after GC invocations=8 (full 2):
 PSYoungGen      total 169984K, used 0K [0x00000000e0000000, 0x00000000eef80000, 0x0000000100000000)
  eden space 156160K, 0% used [0x00000000e0000000,0x00000000e0000000,0x00000000e9880000)
  from space 13824K, 0% used [0x00000000ea580000,0x00000000ea580000,0x00000000eb300000)
  to   space 13312K, 0% used [0x00000000e9880000,0x00000000e9880000,0x00000000ea580000)
 ParOldGen       total 150016K, used 16136K [0x00000000a0000000, 0x00000000a9280000, 0x00000000e0000000)
  object space 150016K, 10% used [0x00000000a0000000,0x00000000a0fc2148,0x00000000a9280000)
 Metaspace       used 34735K, capacity 35296K, committed 35416K, reserved 1079296K
  class space    used 4762K, capacity 4973K, committed 4992K, reserved 1048576K
}
Event: 7.025 GC heap before
{Heap before GC invocations=9 (full 2):
 PSYoungGen      total 169984K, used 156160K [0x00000000e0000000, 0x00000000eef80000, 0x0000000100000000)
  eden space 156160K, 100% used [0x00000000e0000000,0x00000000e9880000,0x00000000e9880000)
  from space 13824K, 0% used [0x00000000ea580000,0x00000000ea580000,0x00000000eb300000)
  to   space 13312K, 0% used [0x00000000e9880000,0x00000000e9880000,0x00000000ea580000)
 ParOldGen       total 150016K, used 16136K [0x00000000a0000000, 0x00000000a9280000, 0x00000000e0000000)
  object space 150016K, 10% used [0x00000000a0000000,0x00000000a0fc2148,0x00000000a9280000)
 Metaspace       used 44731K, capacity 45726K, committed 45784K, reserved 1089536K
  class space    used 6041K, capacity 6373K, committed 6400K, reserved 1048576K
Event: 7.052 GC heap after
Heap after GC invocations=9 (full 2):
 PSYoungGen      total 169472K, used 13309K [0x00000000e0000000, 0x00000000f1780000, 0x0000000100000000)
  eden space 156160K, 0% used [0x00000000e0000000,0x00000000e0000000,0x00000000e9880000)
  from space 13312K, 99% used [0x00000000e9880000,0x00000000ea57f5d8,0x00000000ea580000)
  to   space 17920K, 0% used [0x00000000f0600000,0x00000000f0600000,0x00000000f1780000)
 ParOldGen       total 150016K, used 21971K [0x00000000a0000000, 0x00000000a9280000, 0x00000000e0000000)
  object space 150016K, 14% used [0x00000000a0000000,0x00000000a1574e88,0x00000000a9280000)
 Metaspace       used 44731K, capacity 45726K, committed 45784K, reserved 1089536K
  class space    used 6041K, capacity 6373K, committed 6400K, reserved 1048576K
}
Event: 8.661 GC heap before
{Heap before GC invocations=10 (full 2):
 PSYoungGen      total 169472K, used 169469K [0x00000000e0000000, 0x00000000f1780000, 0x0000000100000000)
  eden space 156160K, 100% used [0x00000000e0000000,0x00000000e9880000,0x00000000e9880000)
  from space 13312K, 99% used [0x00000000e9880000,0x00000000ea57f5d8,0x00000000ea580000)
  to   space 17920K, 0% used [0x00000000f0600000,0x00000000f0600000,0x00000000f1780000)
 ParOldGen       total 150016K, used 21971K [0x00000000a0000000, 0x00000000a9280000, 0x00000000e0000000)
  object space 150016K, 14% used [0x00000000a0000000,0x00000000a1574e88,0x00000000a9280000)
 Metaspace       used 57009K, capacity 58480K, committed 58584K, reserved 1099776K
  class space    used 7731K, capacity 8163K, committed 8192K, reserved 1048576K
Event: 8.694 GC heap after
Heap after GC invocations=10 (full 2):
 PSYoungGen      total 262144K, used 17888K [0x00000000e0000000, 0x00000000f2280000, 0x0000000100000000)
  eden space 244224K, 0% used [0x00000000e0000000,0x00000000e0000000,0x00000000eee80000)
  from space 17920K, 99% used [0x00000000f0600000,0x00000000f1778078,0x00000000f1780000)
  to   space 24064K, 0% used [0x00000000eee80000,0x00000000eee80000,0x00000000f0600000)
 ParOldGen       total 150016K, used 31418K [0x00000000a0000000, 0x00000000a9280000, 0x00000000e0000000)
  object space 150016K, 20% used [0x00000000a0000000,0x00000000a1eae9a8,0x00000000a9280000)
 Metaspace       used 57009K, capacity 58480K, committed 58584K, reserved 1099776K
  class space    used 7731K, capacity 8163K, committed 8192K, reserved 1048576K
}
Event: 8.782 GC heap before
{Heap before GC invocations=11 (full 2):
 PSYoungGen      total 262144K, used 36825K [0x00000000e0000000, 0x00000000f2280000, 0x0000000100000000)
  eden space 244224K, 7% used [0x00000000e0000000,0x00000000e127e598,0x00000000eee80000)
  from space 17920K, 99% used [0x00000000f0600000,0x00000000f1778078,0x00000000f1780000)
  to   space 24064K, 0% used [0x00000000eee80000,0x00000000eee80000,0x00000000f0600000)
 ParOldGen       total 150016K, used 31418K [0x00000000a0000000, 0x00000000a9280000, 0x00000000e0000000)
  object space 150016K, 20% used [0x00000000a0000000,0x00000000a1eae9a8,0x00000000a9280000)
 Metaspace       used 57363K, capacity 58818K, committed 58968K, reserved 1099776K
  class space    used 7793K, capacity 8232K, committed 8320K, reserved 1048576K
Event: 8.794 GC heap after
Heap after GC invocations=11 (full 2):
 PSYoungGen      total 268288K, used 19050K [0x00000000e0000000, 0x00000000f8e00000, 0x0000000100000000)
  eden space 244224K, 0% used [0x00000000e0000000,0x00000000e0000000,0x00000000eee80000)
  from space 24064K, 79% used [0x00000000eee80000,0x00000000f011aba8,0x00000000f0600000)
  to   space 25600K, 0% used [0x00000000f7500000,0x00000000f7500000,0x00000000f8e00000)
 ParOldGen       total 150016K, used 31426K [0x00000000a0000000, 0x00000000a9280000, 0x00000000e0000000)
  object space 150016K, 20% used [0x00000000a0000000,0x00000000a1eb09a8,0x00000000a9280000)
 Metaspace       used 57363K, capacity 58818K, committed 58968K, reserved 1099776K
  class space    used 7793K, capacity 8232K, committed 8320K, reserved 1048576K
}
Event: 8.794 GC heap before
{Heap before GC invocations=12 (full 3):
 PSYoungGen      total 268288K, used 19050K [0x00000000e0000000, 0x00000000f8e00000, 0x0000000100000000)
  eden space 244224K, 0% used [0x00000000e0000000,0x00000000e0000000,0x00000000eee80000)
  from space 24064K, 79% used [0x00000000eee80000,0x00000000f011aba8,0x00000000f0600000)
  to   space 25600K, 0% used [0x00000000f7500000,0x00000000f7500000,0x00000000f8e00000)
 ParOldGen       total 150016K, used 31426K [0x00000000a0000000, 0x00000000a9280000, 0x00000000e0000000)
  object space 150016K, 20% used [0x00000000a0000000,0x00000000a1eb09a8,0x00000000a9280000)
 Metaspace       used 57363K, capacity 58818K, committed 58968K, reserved 1099776K
  class space    used 7793K, capacity 8232K, committed 8320K, reserved 1048576K
Event: 8.969 GC heap after
Heap after GC invocations=12 (full 3):
 PSYoungGen      total 268288K, used 0K [0x00000000e0000000, 0x00000000f8e00000, 0x0000000100000000)
  eden space 244224K, 0% used [0x00000000e0000000,0x00000000e0000000,0x00000000eee80000)
  from space 24064K, 0% used [0x00000000eee80000,0x00000000eee80000,0x00000000f0600000)
  to   space 25600K, 0% used [0x00000000f7500000,0x00000000f7500000,0x00000000f8e00000)
 ParOldGen       total 150016K, used 34444K [0x00000000a0000000, 0x00000000a9280000, 0x00000000e0000000)
  object space 150016K, 22% used [0x00000000a0000000,0x00000000a21a3288,0x00000000a9280000)
 Metaspace       used 57363K, capacity 58818K, committed 58968K, reserved 1099776K
  class space    used 7793K, capacity 8232K, committed 8320K, reserved 1048576K
}

