# JRE version: OpenJDK Runtime Environment (8.0_202-b03) (build 1.8.0_202-release-1483-b03)
# Java VM: OpenJDK 64-Bit Server VM (25.202-b03 mixed mode windows-amd64 compressed oops)
Heap:
 PSYoungGen      total 248320K, used 77028K [0x00000000e0000000, 0x00000000f6000000, 0x0000000100000000)
  eden space 224768K, 34% used [0x00000000e0000000,0x00000000e4b391c8,0x00000000edb80000)
  from space 23552K, 0% used [0x00000000edb80000,0x00000000edb80000,0x00000000ef280000)
  to   space 25088K, 0% used [0x00000000f4780000,0x00000000f4780000,0x00000000f6000000)
 ParOldGen       total 217088K, used 34942K [0x00000000a0000000, 0x00000000ad400000, 0x00000000e0000000)
  object space 217088K, 16% used [0x00000000a0000000,0x00000000a221f928,0x00000000ad400000)
 Metaspace       used 59462K, capacity 61698K, committed 62040K, reserved 1101824K
  class space    used 8070K, capacity 8725K, committed 8832K, reserved 1048576K
GC Heap History (10 events):
Event: 4.696 GC heap before
{Heap before GC invocations=8 (full 2):
 PSYoungGen      total 163840K, used 9207K [0x00000000e0000000, 0x00000000ee680000, 0x0000000100000000)
  eden space 150016K, 0% used [0x00000000e0000000,0x00000000e0000000,0x00000000e9280000)
  from space 13824K, 66% used [0x00000000e9f80000,0x00000000ea87de28,0x00000000ead00000)
  to   space 13312K, 0% used [0x00000000e9280000,0x00000000e9280000,0x00000000e9f80000)
 ParOldGen       total 104448K, used 11492K [0x00000000a0000000, 0x00000000a6600000, 0x00000000e0000000)
  object space 104448K, 11% used [0x00000000a0000000,0x00000000a0b391b0,0x00000000a6600000)
 Metaspace       used 34705K, capacity 35296K, committed 35416K, reserved 1079296K
  class space    used 4762K, capacity 4973K, committed 4992K, reserved 1048576K
Event: 4.732 GC heap after
Heap after GC invocations=8 (full 2):
 PSYoungGen      total 163840K, used 0K [0x00000000e0000000, 0x00000000ee680000, 0x0000000100000000)
  eden space 150016K, 0% used [0x00000000e0000000,0x00000000e0000000,0x00000000e9280000)
  from space 13824K, 0% used [0x00000000e9f80000,0x00000000e9f80000,0x00000000ead00000)
  to   space 13312K, 0% used [0x00000000e9280000,0x00000000e9280000,0x00000000e9f80000)
 ParOldGen       total 152576K, used 16141K [0x00000000a0000000, 0x00000000a9500000, 0x00000000e0000000)
  object space 152576K, 10% used [0x00000000a0000000,0x00000000a0fc35e0,0x00000000a9500000)
 Metaspace       used 34705K, capacity 35296K, committed 35416K, reserved 1079296K
  class space    used 4762K, capacity 4973K, committed 4992K, reserved 1048576K
}
Event: 5.986 GC heap before
{Heap before GC invocations=9 (full 2):
 PSYoungGen      total 163840K, used 150016K [0x00000000e0000000, 0x00000000ee680000, 0x0000000100000000)
  eden space 150016K, 100% used [0x00000000e0000000,0x00000000e9280000,0x00000000e9280000)
  from space 13824K, 0% used [0x00000000e9f80000,0x00000000e9f80000,0x00000000ead00000)
  to   space 13312K, 0% used [0x00000000e9280000,0x00000000e9280000,0x00000000e9f80000)
 ParOldGen       total 152576K, used 16141K [0x00000000a0000000, 0x00000000a9500000, 0x00000000e0000000)
  object space 152576K, 10% used [0x00000000a0000000,0x00000000a0fc35e0,0x00000000a9500000)
 Metaspace       used 44116K, capacity 45102K, committed 45272K, reserved 1087488K
  class space    used 5961K, capacity 6274K, committed 6400K, reserved 1048576K
Event: 5.999 GC heap after
Heap after GC invocations=9 (full 2):
 PSYoungGen      total 163328K, used 13302K [0x00000000e0000000, 0x00000000f0380000, 0x0000000100000000)
  eden space 150016K, 0% used [0x00000000e0000000,0x00000000e0000000,0x00000000e9280000)
  from space 13312K, 99% used [0x00000000e9280000,0x00000000e9f7dbd0,0x00000000e9f80000)
  to   space 17408K, 0% used [0x00000000ef280000,0x00000000ef280000,0x00000000f0380000)
 ParOldGen       total 152576K, used 21495K [0x00000000a0000000, 0x00000000a9500000, 0x00000000e0000000)
  object space 152576K, 14% used [0x00000000a0000000,0x00000000a14fdd48,0x00000000a9500000)
 Metaspace       used 44116K, capacity 45102K, committed 45272K, reserved 1087488K
  class space    used 5961K, capacity 6274K, committed 6400K, reserved 1048576K
}
Event: 7.547 GC heap before
{Heap before GC invocations=10 (full 2):
 PSYoungGen      total 163328K, used 163318K [0x00000000e0000000, 0x00000000f0380000, 0x0000000100000000)
  eden space 150016K, 100% used [0x00000000e0000000,0x00000000e9280000,0x00000000e9280000)
  from space 13312K, 99% used [0x00000000e9280000,0x00000000e9f7dbd0,0x00000000e9f80000)
  to   space 17408K, 0% used [0x00000000ef280000,0x00000000ef280000,0x00000000f0380000)
 ParOldGen       total 152576K, used 21495K [0x00000000a0000000, 0x00000000a9500000, 0x00000000e0000000)
  object space 152576K, 14% used [0x00000000a0000000,0x00000000a14fdd48,0x00000000a9500000)
 Metaspace       used 56667K, capacity 58156K, committed 58328K, reserved 1099776K
  class space    used 7662K, capacity 8095K, committed 8192K, reserved 1048576K
Event: 7.564 GC heap after
Heap after GC invocations=10 (full 2):
 PSYoungGen      total 242176K, used 17376K [0x00000000e0000000, 0x00000000f0b00000, 0x0000000100000000)
  eden space 224768K, 0% used [0x00000000e0000000,0x00000000e0000000,0x00000000edb80000)
  from space 17408K, 99% used [0x00000000ef280000,0x00000000f0378098,0x00000000f0380000)
  to   space 23552K, 0% used [0x00000000edb80000,0x00000000edb80000,0x00000000ef280000)
 ParOldGen       total 152576K, used 30393K [0x00000000a0000000, 0x00000000a9500000, 0x00000000e0000000)
  object space 152576K, 19% used [0x00000000a0000000,0x00000000a1dae7b0,0x00000000a9500000)
 Metaspace       used 56667K, capacity 58156K, committed 58328K, reserved 1099776K
  class space    used 7662K, capacity 8095K, committed 8192K, reserved 1048576K
}
Event: 7.735 GC heap before
{Heap before GC invocations=11 (full 2):
 PSYoungGen      total 242176K, used 51356K [0x00000000e0000000, 0x00000000f0b00000, 0x0000000100000000)
  eden space 224768K, 15% used [0x00000000e0000000,0x00000000e212f000,0x00000000edb80000)
  from space 17408K, 99% used [0x00000000ef280000,0x00000000f0378098,0x00000000f0380000)
  to   space 23552K, 0% used [0x00000000edb80000,0x00000000edb80000,0x00000000ef280000)
 ParOldGen       total 152576K, used 30393K [0x00000000a0000000, 0x00000000a9500000, 0x00000000e0000000)
  object space 152576K, 19% used [0x00000000a0000000,0x00000000a1dae7b0,0x00000000a9500000)
 Metaspace       used 57440K, capacity 58876K, committed 58968K, reserved 1099776K
  class space    used 7807K, capacity 8271K, committed 8320K, reserved 1048576K
Event: 7.747 GC heap after
Heap after GC invocations=11 (full 2):
 PSYoungGen      total 248320K, used 20314K [0x00000000e0000000, 0x00000000f6000000, 0x0000000100000000)
  eden space 224768K, 0% used [0x00000000e0000000,0x00000000e0000000,0x00000000edb80000)
  from space 23552K, 86% used [0x00000000edb80000,0x00000000eef56ad8,0x00000000ef280000)
  to   space 25088K, 0% used [0x00000000f4780000,0x00000000f4780000,0x00000000f6000000)
 ParOldGen       total 152576K, used 30393K [0x00000000a0000000, 0x00000000a9500000, 0x00000000e0000000)
  object space 152576K, 19% used [0x00000000a0000000,0x00000000a1dae7b0,0x00000000a9500000)
 Metaspace       used 57440K, capacity 58876K, committed 58968K, reserved 1099776K
  class space    used 7807K, capacity 8271K, committed 8320K, reserved 1048576K
}
Event: 7.747 GC heap before
{Heap before GC invocations=12 (full 3):
 PSYoungGen      total 248320K, used 20314K [0x00000000e0000000, 0x00000000f6000000, 0x0000000100000000)
  eden space 224768K, 0% used [0x00000000e0000000,0x00000000e0000000,0x00000000edb80000)
  from space 23552K, 86% used [0x00000000edb80000,0x00000000eef56ad8,0x00000000ef280000)
  to   space 25088K, 0% used [0x00000000f4780000,0x00000000f4780000,0x00000000f6000000)
 ParOldGen       total 152576K, used 30393K [0x00000000a0000000, 0x00000000a9500000, 0x00000000e0000000)
  object space 152576K, 19% used [0x00000000a0000000,0x00000000a1dae7b0,0x00000000a9500000)
 Metaspace       used 57440K, capacity 58876K, committed 58968K, reserved 1099776K
  class space    used 7807K, capacity 8271K, committed 8320K, reserved 1048576K
Event: 7.915 GC heap after
Heap after GC invocations=12 (full 3):
 PSYoungGen      total 248320K, used 0K [0x00000000e0000000, 0x00000000f6000000, 0x0000000100000000)
  eden space 224768K, 0% used [0x00000000e0000000,0x00000000e0000000,0x00000000edb80000)
  from space 23552K, 0% used [0x00000000edb80000,0x00000000edb80000,0x00000000ef280000)
  to   space 25088K, 0% used [0x00000000f4780000,0x00000000f4780000,0x00000000f6000000)
 ParOldGen       total 217088K, used 34942K [0x00000000a0000000, 0x00000000ad400000, 0x00000000e0000000)
  object space 217088K, 16% used [0x00000000a0000000,0x00000000a221f928,0x00000000ad400000)
 Metaspace       used 57440K, capacity 58876K, committed 58968K, reserved 1099776K
  class space    used 7807K, capacity 8271K, committed 8320K, reserved 1048576K
}

